<?xml version="1.0" encoding="UTF-8"?>
<!-- Generated by org.testng.reporters.JUnitXMLReporter -->
<testsuite hostname="LTUS43208" ignored="1" name="NBCAutomation" tests="2" failures="0" timestamp="11 Dec 2017 08:26:19 GMT" time="84.901" errors="0">
  <testcase name="CreateContactUsRequestIhaveFeedback" time="13.221" classname="com.nbcd.Test.TCCreateContactUsRequestIhaveFeedback_1567"/>
  <testcase name="VerifyLivestreampageSupportedregion" time="57.982" classname="com.nbcd.Test.TCLivePage_VerifyLivestreampageSupportedregion_1729"/>
  <testcase name="@AfterTest endReport" time="0.0" classname="com.nbcd.GenericLib.Extent_Reports">
    <ignored/>
  </testcase> <!-- @AfterTest endReport -->
</testsuite> <!-- NBCAutomation -->
