<?xml version="1.0" encoding="UTF-8"?>
<testng-results skipped="0" failed="0" ignored="0" total="1" passed="1">
  <reporter-output>
  </reporter-output>
  <suite name="Suite" duration-ms="85944" started-at="2017-12-11T08:24:53Z" finished-at="2017-12-11T08:26:19Z">
    <groups>
    </groups>
    <test name="NBCAutomation" duration-ms="85944" started-at="2017-12-11T08:24:53Z" finished-at="2017-12-11T08:26:19Z">
      <class name="com.nbcd.TestRunner.TestRunner">
        <test-method status="PASS" signature="tRun()[pri:0, instance:com.nbcd.TestRunner.TestRunner@5cb9f472]" name="tRun" duration-ms="85920" started-at="2017-12-11T00:24:53Z" finished-at="2017-12-11T00:26:19Z">
          <reporter-output>
          </reporter-output>
        </test-method> <!-- tRun -->
      </class> <!-- com.nbcd.TestRunner.TestRunner -->
    </test> <!-- NBCAutomation -->
  </suite> <!-- Suite -->
</testng-results>
